INFO main com.concurrent.iterableMod.AppTest - 二级部门，雇员 Id：2 Name：花花
INFO main com.concurrent.iterableMod.AppTest - 三级部门，雇员 Id：4 Name：蹦蹦
INFO main com.concurrent.iterableMod.AppTest - 三级部门，雇员 Id：5 Name：大烧
INFO main com.concurrent.iterableMod.AppTest - 四级部门，雇员 Id：6 Name：虎哥
INFO main com.concurrent.iterableMod.AppTest - 四级部门，雇员 Id：7 Name：玲姐
INFO main com.concurrent.iterableMod.AppTest - 四级部门，雇员 Id：8 Name：秋雅
INFO main com.concurrent.iterableMod.AppTest - 二级部门，雇员 Id：3 Name：豆包
INFO main com.concurrent.iterableMod.AppTest - 二级部门，雇员 Id：2 Name：花花
INFO main com.concurrent.iterableMod.AppTest - 三级部门，雇员 Id：4 Name：蹦蹦
INFO main com.concurrent.iterableMod.AppTest - 三级部门，雇员 Id：5 Name：大烧
INFO main com.concurrent.iterableMod.AppTest - 四级部门，雇员 Id：6 Name：虎哥
INFO main com.concurrent.iterableMod.AppTest - 四级部门，雇员 Id：7 Name：玲姐
INFO main com.concurrent.iterableMod.AppTest - 四级部门，雇员 Id：8 Name：秋雅
INFO main com.concurrent.iterableMod.AppTest - 二级部门，雇员 Id：3 Name：豆包
INFO main com.concurrent.iterableMod.AppTest - 二级部门，雇员 Id：2 Name：花花
INFO main com.concurrent.iterableMod.AppTest - 三级部门，雇员 Id：4 Name：蹦蹦
INFO main com.concurrent.iterableMod.AppTest - 三级部门，雇员 Id：5 Name：大烧
INFO main com.concurrent.iterableMod.AppTest - 四级部门，雇员 Id：6 Name：虎哥
INFO main com.concurrent.iterableMod.AppTest - 四级部门，雇员 Id：7 Name：玲姐
INFO main com.concurrent.iterableMod.AppTest - 四级部门，雇员 Id：8 Name：秋雅
INFO main com.concurrent.iterableMod.AppTest - 二级部门，雇员 Id：3 Name：豆包
